[02-Jun-2008 11:01:52] PHP Warning:  Undefined index:  rfpUserTimeframe in /netapp/gilbert/c/u/108/wfp59149/www/php/registration.php4 on line 38
[02-Jun-2008 13:02:35] PHP Warning:  Undefined index:  rfpUserTimeframe in /netapp/gilbert/c/u/108/wfp59149/www/php/registration.php4 on line 38
[02-Jun-2008 14:06:41] PHP Warning:  Undefined index:  rfpUserTimeframe in /netapp/gilbert/c/u/108/wfp59149/www/php/registration.php4 on line 38
[02-Jun-2008 14:43:47] PHP Warning:  Undefined index:  rfpUserTimeframe in /netapp/gilbert/c/u/108/wfp59149/www/php/registration.php4 on line 38
[03-Jun-2008 11:31:55] PHP Warning:  Undefined index:  rfpUserTimeframe in /netapp/gilbert/c/u/108/wfp59149/www/php/registration.php4 on line 38
[03-Jun-2008 13:41:42] PHP Warning:  Undefined index:  rfpUserTimeframe in /netapp/gilbert/c/u/108/wfp59149/www/php/registration.php4 on line 38
[03-Jun-2008 13:54:51] PHP Warning:  Undefined index:  rfpUserTimeframe in /netapp/gilbert/c/u/108/wfp59149/www/php/registration.php4 on line 38
[11-Jun-2008 10:48:20] PHP Warning:  Undefined index:  rfpUserTimeframe in /netapp/gilbert/c/u/108/wfp59149/www/php/registration.php4 on line 38
[11-Jun-2008 11:22:07] PHP Warning:  Undefined index:  rfpUserTimeframe in /netapp/gilbert/c/u/108/wfp59149/www/php/registration.php4 on line 38
[13-Jun-2008 12:08:58] PHP Warning:  Undefined index:  rfpUserTimeframe in /netapp/gilbert/c/u/108/wfp59149/www/php/registration.php4 on line 38
[14-Jun-2008 16:58:58] PHP Warning:  Undefined index:  rfpUserTimeframe in /netapp/gilbert/c/u/108/wfp59149/www/php/registration.php4 on line 38
[30-Jun-2008 12:07:55] PHP Warning:  Undefined index:  rfpUserTimeframe in /netapp/gilbert/c/u/108/wfp59149/www/php/registration.php4 on line 38
[04-Jul-2008 09:11:19] PHP Warning:  Undefined index:  rfpUserTimeframe in /netapp/gilbert/c/u/108/wfp59149/www/php/registration.php4 on line 38
[04-Jul-2008 09:39:31] PHP Warning:  Undefined index:  rfpUserTimeframe in /netapp/gilbert/c/u/108/wfp59149/www/php/registration.php4 on line 38
[09-Jul-2008 21:21:35] PHP Warning:  Undefined index:  rfpUserTimeframe in /netapp/gilbert/c/u/108/wfp59149/www/php/registration.php4 on line 38
[10-Jul-2008 11:20:33] PHP Warning:  Undefined index:  rfpUserTimeframe in /netapp/gilbert/c/u/108/wfp59149/www/php/registration.php4 on line 38
[11-Jul-2008 16:24:24] PHP Warning:  Undefined index:  rfpUserTimeframe in /netapp/gilbert/c/u/108/wfp59149/www/php/registration.php4 on line 38
[17-Jul-2008 10:59:37] PHP Warning:  Undefined index:  rfpUserTimeframe in /netapp/gilbert/c/u/108/wfp59149/www/php/registration.php4 on line 38
[17-Jul-2008 11:11:38] PHP Warning:  Undefined index:  rfpUserTimeframe in /netapp/gilbert/c/u/108/wfp59149/www/php/registration.php4 on line 38
[22-Jul-2008 21:57:11] PHP Warning:  Undefined index:  rfpUserTimeframe in /netapp/gilbert/c/u/108/wfp59149/www/php/registration.php4 on line 38
[25-Jul-2008 00:20:51] PHP Warning:  Undefined index:  rfpUserTimeframe in /netapp/gilbert/c/u/108/wfp59149/www/php/registration.php4 on line 38
[25-Jul-2008 12:06:42] PHP Warning:  Undefined index:  rfpUserTimeframe in /netapp/gilbert/c/u/108/wfp59149/www/php/registration.php4 on line 38
[25-Jul-2008 12:40:56] PHP Warning:  Undefined index:  rfpUserTimeframe in /netapp/gilbert/c/u/108/wfp59149/www/php/registration.php4 on line 38
[25-Jul-2008 12:47:52] PHP Warning:  Undefined index:  rfpUserTimeframe in /netapp/gilbert/c/u/108/wfp59149/www/php/registration.php4 on line 38
[25-Jul-2008 12:59:46] PHP Warning:  Undefined index:  rfpUserTimeframe in /netapp/gilbert/c/u/108/wfp59149/www/php/registration.php4 on line 38
[25-Jul-2008 13:01:45] PHP Warning:  Undefined index:  rfpUserTimeframe in /netapp/gilbert/c/u/108/wfp59149/www/php/registration.php4 on line 38
[25-Jul-2008 13:48:04] PHP Warning:  Undefined index:  rfpUserTimeframe in /netapp/gilbert/c/u/108/wfp59149/www/php/registration.php4 on line 38
[28-Jul-2008 11:19:34] PHP Warning:  Undefined index:  rfpUserTimeframe in /netapp/gilbert/c/u/108/wfp59149/www/php/registration.php4 on line 38
[28-Jul-2008 11:26:15] PHP Warning:  Undefined index:  rfpUserTimeframe in /netapp/gilbert/c/u/108/wfp59149/www/php/registration.php4 on line 38
[28-Jul-2008 16:16:33] PHP Warning:  Undefined index:  rfpUserTimeframe in /netapp/gilbert/c/u/108/wfp59149/www/php/registration.php4 on line 38
[01-Aug-2008 00:28:18] PHP Warning:  Undefined index:  rfpUserTimeframe in /netapp/gilbert/c/u/108/wfp59149/www/php/registration.php4 on line 38
[07-Aug-2008 13:41:44] PHP Warning:  Undefined index:  rfpUserTimeframe in /netapp/gilbert/c/u/108/wfp59149/www/php/registration.php4 on line 38
[07-Aug-2008 15:22:54] PHP Warning:  Undefined index:  rfpUserTimeframe in /netapp/gilbert/c/u/108/wfp59149/www/php/registration.php4 on line 38
[07-Aug-2008 15:25:30] PHP Warning:  Undefined index:  rfpUserTimeframe in /netapp/gilbert/c/u/108/wfp59149/www/php/registration.php4 on line 38
[07-Aug-2008 15:30:06] PHP Warning:  Undefined index:  firstName in /netapp/gilbert/c/u/108/wfp59149/www/php/registration.php4 on line 24
[07-Aug-2008 15:30:06] PHP Warning:  Undefined index:  lastName in /netapp/gilbert/c/u/108/wfp59149/www/php/registration.php4 on line 25
[07-Aug-2008 15:30:06] PHP Warning:  Undefined index:  company in /netapp/gilbert/c/u/108/wfp59149/www/php/registration.php4 on line 26
[07-Aug-2008 15:30:06] PHP Warning:  Undefined index:  email in /netapp/gilbert/c/u/108/wfp59149/www/php/registration.php4 on line 27
[07-Aug-2008 15:30:06] PHP Warning:  Undefined index:  phone in /netapp/gilbert/c/u/108/wfp59149/www/php/registration.php4 on line 28
[07-Aug-2008 15:30:06] PHP Warning:  Undefined index:  address1 in /netapp/gilbert/c/u/108/wfp59149/www/php/registration.php4 on line 29
[07-Aug-2008 15:30:06] PHP Warning:  Undefined index:  address2 in /netapp/gilbert/c/u/108/wfp59149/www/php/registration.php4 on line 29
[07-Aug-2008 15:30:06] PHP Warning:  Undefined index:  city in /netapp/gilbert/c/u/108/wfp59149/www/php/registration.php4 on line 30
[07-Aug-2008 15:30:06] PHP Warning:  Undefined index:  stateProvince in /netapp/gilbert/c/u/108/wfp59149/www/php/registration.php4 on line 31
[07-Aug-2008 15:30:06] PHP Warning:  Undefined index:  postalCode in /netapp/gilbert/c/u/108/wfp59149/www/php/registration.php4 on line 32
[07-Aug-2008 15:30:06] PHP Warning:  Undefined index:  countryList in /netapp/gilbert/c/u/108/wfp59149/www/php/registration.php4 on line 33
[07-Aug-2008 15:30:06] PHP Warning:  Undefined index:  rfpUserTimeframe in /netapp/gilbert/c/u/108/wfp59149/www/php/registration.php4 on line 38
[07-Aug-2008 15:30:06] PHP Warning:  Undefined index:  rfpCompanyType in /netapp/gilbert/c/u/108/wfp59149/www/php/registration.php4 on line 39
[07-Aug-2008 15:30:06] PHP Warning:  Undefined index:  userFunction in /netapp/gilbert/c/u/108/wfp59149/www/php/registration.php4 on line 40
[07-Aug-2008 15:30:06] PHP Warning:  Undefined index:  rfpExposureList in /netapp/gilbert/c/u/108/wfp59149/www/php/registration.php4 on line 41
[07-Aug-2008 15:30:07] PHP Warning:  Undefined index:  email in /netapp/gilbert/c/u/108/wfp59149/www/php/registration.php4 on line 99
[13-Aug-2008 16:43:13] PHP Warning:  Undefined index:  rfpUserTimeframe in /netapp/gilbert/c/u/108/wfp59149/www/php/registration.php4 on line 38
[19-Aug-2008 13:48:20] PHP Warning:  Undefined index:  rfpUserTimeframe in /netapp/gilbert/c/u/108/wfp59149/www/php/registration.php4 on line 38
[24-Aug-2008 15:03:44] PHP Warning:  Undefined index:  firstName in /netapp/gilbert/c/u/108/wfp59149/www/php/registration.php4 on line 24
[24-Aug-2008 15:03:44] PHP Warning:  Undefined index:  lastName in /netapp/gilbert/c/u/108/wfp59149/www/php/registration.php4 on line 25
[24-Aug-2008 15:03:44] PHP Warning:  Undefined index:  company in /netapp/gilbert/c/u/108/wfp59149/www/php/registration.php4 on line 26
[24-Aug-2008 15:03:44] PHP Warning:  Undefined index:  email in /netapp/gilbert/c/u/108/wfp59149/www/php/registration.php4 on line 27
[24-Aug-2008 15:03:44] PHP Warning:  Undefined index:  phone in /netapp/gilbert/c/u/108/wfp59149/www/php/registration.php4 on line 28
[24-Aug-2008 15:03:44] PHP Warning:  Undefined index:  address1 in /netapp/gilbert/c/u/108/wfp59149/www/php/registration.php4 on line 29
[24-Aug-2008 15:03:44] PHP Warning:  Undefined index:  address2 in /netapp/gilbert/c/u/108/wfp59149/www/php/registration.php4 on line 29
[24-Aug-2008 15:03:44] PHP Warning:  Undefined index:  city in /netapp/gilbert/c/u/108/wfp59149/www/php/registration.php4 on line 30
[24-Aug-2008 15:03:44] PHP Warning:  Undefined index:  stateProvince in /netapp/gilbert/c/u/108/wfp59149/www/php/registration.php4 on line 31
[24-Aug-2008 15:03:44] PHP Warning:  Undefined index:  postalCode in /netapp/gilbert/c/u/108/wfp59149/www/php/registration.php4 on line 32
[24-Aug-2008 15:03:44] PHP Warning:  Undefined index:  countryList in /netapp/gilbert/c/u/108/wfp59149/www/php/registration.php4 on line 33
[24-Aug-2008 15:03:44] PHP Warning:  Undefined index:  rfpUserTimeframe in /netapp/gilbert/c/u/108/wfp59149/www/php/registration.php4 on line 38
[24-Aug-2008 15:03:44] PHP Warning:  Undefined index:  rfpCompanyType in /netapp/gilbert/c/u/108/wfp59149/www/php/registration.php4 on line 39
[24-Aug-2008 15:03:44] PHP Warning:  Undefined index:  userFunction in /netapp/gilbert/c/u/108/wfp59149/www/php/registration.php4 on line 40
[24-Aug-2008 15:03:44] PHP Warning:  Undefined index:  rfpExposureList in /netapp/gilbert/c/u/108/wfp59149/www/php/registration.php4 on line 41
[24-Aug-2008 15:03:44] PHP Warning:  Undefined index:  email in /netapp/gilbert/c/u/108/wfp59149/www/php/registration.php4 on line 100
[02-Sep-2008 16:08:45] PHP Warning:  Undefined index:  rfpUserTimeframe in /netapp/gilbert/c/u/108/wfp59149/www/php/registration.php4 on line 38
[12-Sep-2008 17:31:02] PHP Warning:  Undefined index:  rfpUserTimeframe in /netapp/gilbert/c/u/108/wfp59149/www/php/registration.php4 on line 38
[16-Sep-2008 08:36:50] PHP Warning:  Undefined index:  rfpUserTimeframe in /netapp/gilbert/c/u/108/wfp59149/www/php/registration.php4 on line 38
[16-Sep-2008 08:51:30] PHP Warning:  Undefined index:  rfpUserTimeframe in /netapp/gilbert/c/u/108/wfp59149/www/php/registration.php4 on line 38
[16-Sep-2008 09:19:02] PHP Warning:  Undefined index:  rfpUserTimeframe in /netapp/gilbert/c/u/108/wfp59149/www/php/registration.php4 on line 38
[23-Sep-2008 12:36:53] PHP Warning:  Undefined index:  rfpUserTimeframe in /netapp/gilbert/c/u/108/wfp59149/www/php/registration.php4 on line 38
[02-Oct-2008 20:21:22] PHP Warning:  Undefined index:  rfpUserTimeframe in /netapp/gilbert/c/u/108/wfp59149/www/php/registration.php4 on line 38
[10-Oct-2008 04:51:51] PHP Warning:  Undefined index:  firstName in /netapp/gilbert/c/u/108/wfp59149/www/php/registration.php4 on line 24
[10-Oct-2008 04:51:51] PHP Warning:  Undefined index:  lastName in /netapp/gilbert/c/u/108/wfp59149/www/php/registration.php4 on line 25
[10-Oct-2008 04:51:51] PHP Warning:  Undefined index:  company in /netapp/gilbert/c/u/108/wfp59149/www/php/registration.php4 on line 26
[10-Oct-2008 04:51:51] PHP Warning:  Undefined index:  email in /netapp/gilbert/c/u/108/wfp59149/www/php/registration.php4 on line 27
[10-Oct-2008 04:51:51] PHP Warning:  Undefined index:  phone in /netapp/gilbert/c/u/108/wfp59149/www/php/registration.php4 on line 28
[10-Oct-2008 04:51:51] PHP Warning:  Undefined index:  address1 in /netapp/gilbert/c/u/108/wfp59149/www/php/registration.php4 on line 29
[10-Oct-2008 04:51:51] PHP Warning:  Undefined index:  address2 in /netapp/gilbert/c/u/108/wfp59149/www/php/registration.php4 on line 29
[10-Oct-2008 04:51:51] PHP Warning:  Undefined index:  city in /netapp/gilbert/c/u/108/wfp59149/www/php/registration.php4 on line 30
[10-Oct-2008 04:51:51] PHP Warning:  Undefined index:  stateProvince in /netapp/gilbert/c/u/108/wfp59149/www/php/registration.php4 on line 31
[10-Oct-2008 04:51:51] PHP Warning:  Undefined index:  postalCode in /netapp/gilbert/c/u/108/wfp59149/www/php/registration.php4 on line 32
[10-Oct-2008 04:51:51] PHP Warning:  Undefined index:  countryList in /netapp/gilbert/c/u/108/wfp59149/www/php/registration.php4 on line 33
[10-Oct-2008 04:51:51] PHP Warning:  Undefined index:  rfpUserTimeframe in /netapp/gilbert/c/u/108/wfp59149/www/php/registration.php4 on line 38
[10-Oct-2008 04:51:51] PHP Warning:  Undefined index:  rfpCompanyType in /netapp/gilbert/c/u/108/wfp59149/www/php/registration.php4 on line 39
[10-Oct-2008 04:51:51] PHP Warning:  Undefined index:  userFunction in /netapp/gilbert/c/u/108/wfp59149/www/php/registration.php4 on line 40
[10-Oct-2008 04:51:51] PHP Warning:  Undefined index:  rfpExposureList in /netapp/gilbert/c/u/108/wfp59149/www/php/registration.php4 on line 41
[10-Oct-2008 04:51:51] PHP Warning:  Undefined index:  email in /netapp/gilbert/c/u/108/wfp59149/www/php/registration.php4 on line 100
[10-Oct-2008 04:51:52] PHP Warning:  Undefined index:  rfpUserTimeframe in /netapp/gilbert/c/u/108/wfp59149/www/php/registration.php4 on line 38
[17-Oct-2008 23:19:01] PHP Warning:  Undefined index:  firstName in /netapp/gilbert/c/u/108/wfp59149/www/php/registration.php4 on line 24
[17-Oct-2008 23:19:01] PHP Warning:  Undefined index:  lastName in /netapp/gilbert/c/u/108/wfp59149/www/php/registration.php4 on line 25
[17-Oct-2008 23:19:01] PHP Warning:  Undefined index:  company in /netapp/gilbert/c/u/108/wfp59149/www/php/registration.php4 on line 26
[17-Oct-2008 23:19:01] PHP Warning:  Undefined index:  email in /netapp/gilbert/c/u/108/wfp59149/www/php/registration.php4 on line 27
[17-Oct-2008 23:19:01] PHP Warning:  Undefined index:  phone in /netapp/gilbert/c/u/108/wfp59149/www/php/registration.php4 on line 28
[17-Oct-2008 23:19:01] PHP Warning:  Undefined index:  address1 in /netapp/gilbert/c/u/108/wfp59149/www/php/registration.php4 on line 29
[17-Oct-2008 23:19:01] PHP Warning:  Undefined index:  address2 in /netapp/gilbert/c/u/108/wfp59149/www/php/registration.php4 on line 29
[17-Oct-2008 23:19:01] PHP Warning:  Undefined index:  city in /netapp/gilbert/c/u/108/wfp59149/www/php/registration.php4 on line 30
[17-Oct-2008 23:19:01] PHP Warning:  Undefined index:  stateProvince in /netapp/gilbert/c/u/108/wfp59149/www/php/registration.php4 on line 31
[17-Oct-2008 23:19:01] PHP Warning:  Undefined index:  postalCode in /netapp/gilbert/c/u/108/wfp59149/www/php/registration.php4 on line 32
[17-Oct-2008 23:19:01] PHP Warning:  Undefined index:  countryList in /netapp/gilbert/c/u/108/wfp59149/www/php/registration.php4 on line 33
[17-Oct-2008 23:19:01] PHP Warning:  Undefined index:  rfpUserTimeframe in /netapp/gilbert/c/u/108/wfp59149/www/php/registration.php4 on line 38
[17-Oct-2008 23:19:01] PHP Warning:  Undefined index:  rfpCompanyType in /netapp/gilbert/c/u/108/wfp59149/www/php/registration.php4 on line 39
[17-Oct-2008 23:19:01] PHP Warning:  Undefined index:  userFunction in /netapp/gilbert/c/u/108/wfp59149/www/php/registration.php4 on line 40
[17-Oct-2008 23:19:01] PHP Warning:  Undefined index:  rfpExposureList in /netapp/gilbert/c/u/108/wfp59149/www/php/registration.php4 on line 41
[17-Oct-2008 23:19:01] PHP Warning:  Undefined index:  email in /netapp/gilbert/c/u/108/wfp59149/www/php/registration.php4 on line 100
[04-Nov-2008 15:46:31] PHP Warning:  Undefined index:  rfpUserTimeframe in /netapp/gilbert/c/u/108/wfp59149/www/php/registration.php4 on line 38
[05-Nov-2008 15:02:22] PHP Warning:  Undefined index:  rfpUserTimeframe in /netapp/gilbert/c/u/108/wfp59149/www/php/registration.php4 on line 38
[13-Nov-2008 17:56:36] PHP Warning:  Undefined index:  rfpUserTimeframe in /netapp/gilbert/c/u/108/wfp59149/www/php/registration.php4 on line 38
[13-Nov-2008 18:10:48] PHP Warning:  Undefined index:  rfpUserTimeframe in /netapp/gilbert/c/u/108/wfp59149/www/php/registration.php4 on line 38
[21-Nov-2008 14:17:37] PHP Warning:  Undefined index:  rfpUserTimeframe in /netapp/gilbert/c/u/108/wfp59149/www/php/registration.php4 on line 38
[26-Nov-2008 13:06:51] PHP Warning:  Undefined index:  firstName in /netapp/gilbert/c/u/108/wfp59149/www/php/registration.php4 on line 24
[26-Nov-2008 13:06:51] PHP Warning:  Undefined index:  lastName in /netapp/gilbert/c/u/108/wfp59149/www/php/registration.php4 on line 25
[26-Nov-2008 13:06:51] PHP Warning:  Undefined index:  company in /netapp/gilbert/c/u/108/wfp59149/www/php/registration.php4 on line 26
[26-Nov-2008 13:06:51] PHP Warning:  Undefined index:  email in /netapp/gilbert/c/u/108/wfp59149/www/php/registration.php4 on line 27
[26-Nov-2008 13:06:51] PHP Warning:  Undefined index:  phone in /netapp/gilbert/c/u/108/wfp59149/www/php/registration.php4 on line 28
[26-Nov-2008 13:06:51] PHP Warning:  Undefined index:  address1 in /netapp/gilbert/c/u/108/wfp59149/www/php/registration.php4 on line 29
[26-Nov-2008 13:06:51] PHP Warning:  Undefined index:  address2 in /netapp/gilbert/c/u/108/wfp59149/www/php/registration.php4 on line 29
[26-Nov-2008 13:06:51] PHP Warning:  Undefined index:  city in /netapp/gilbert/c/u/108/wfp59149/www/php/registration.php4 on line 30
[26-Nov-2008 13:06:51] PHP Warning:  Undefined index:  stateProvince in /netapp/gilbert/c/u/108/wfp59149/www/php/registration.php4 on line 31
[26-Nov-2008 13:06:51] PHP Warning:  Undefined index:  postalCode in /netapp/gilbert/c/u/108/wfp59149/www/php/registration.php4 on line 32
[26-Nov-2008 13:06:51] PHP Warning:  Undefined index:  countryList in /netapp/gilbert/c/u/108/wfp59149/www/php/registration.php4 on line 33
[26-Nov-2008 13:06:51] PHP Warning:  Undefined index:  rfpUserTimeframe in /netapp/gilbert/c/u/108/wfp59149/www/php/registration.php4 on line 38
[26-Nov-2008 13:06:51] PHP Warning:  Undefined index:  rfpCompanyType in /netapp/gilbert/c/u/108/wfp59149/www/php/registration.php4 on line 39
[26-Nov-2008 13:06:51] PHP Warning:  Undefined index:  userFunction in /netapp/gilbert/c/u/108/wfp59149/www/php/registration.php4 on line 40
[26-Nov-2008 13:06:51] PHP Warning:  Undefined index:  rfpExposureList in /netapp/gilbert/c/u/108/wfp59149/www/php/registration.php4 on line 41
[26-Nov-2008 13:06:51] PHP Warning:  Undefined index:  email in /netapp/gilbert/c/u/108/wfp59149/www/php/registration.php4 on line 100
[08-Dec-2008 02:51:35] PHP Warning:  Undefined index:  rfpUserTimeframe in /netapp/gilbert/c/u/108/wfp59149/www/php/registration.php4 on line 38
[14-Dec-2008 14:39:05] PHP Warning:  Undefined index:  firstName in /netapp/gilbert/c/u/108/wfp59149/www/php/registration.php4 on line 24
[14-Dec-2008 14:39:05] PHP Warning:  Undefined index:  lastName in /netapp/gilbert/c/u/108/wfp59149/www/php/registration.php4 on line 25
[14-Dec-2008 14:39:05] PHP Warning:  Undefined index:  company in /netapp/gilbert/c/u/108/wfp59149/www/php/registration.php4 on line 26
[14-Dec-2008 14:39:05] PHP Warning:  Undefined index:  email in /netapp/gilbert/c/u/108/wfp59149/www/php/registration.php4 on line 27
[14-Dec-2008 14:39:05] PHP Warning:  Undefined index:  phone in /netapp/gilbert/c/u/108/wfp59149/www/php/registration.php4 on line 28
[14-Dec-2008 14:39:05] PHP Warning:  Undefined index:  address1 in /netapp/gilbert/c/u/108/wfp59149/www/php/registration.php4 on line 29
[14-Dec-2008 14:39:05] PHP Warning:  Undefined index:  address2 in /netapp/gilbert/c/u/108/wfp59149/www/php/registration.php4 on line 29
[14-Dec-2008 14:39:05] PHP Warning:  Undefined index:  city in /netapp/gilbert/c/u/108/wfp59149/www/php/registration.php4 on line 30
[14-Dec-2008 14:39:05] PHP Warning:  Undefined index:  stateProvince in /netapp/gilbert/c/u/108/wfp59149/www/php/registration.php4 on line 31
[14-Dec-2008 14:39:05] PHP Warning:  Undefined index:  postalCode in /netapp/gilbert/c/u/108/wfp59149/www/php/registration.php4 on line 32
[14-Dec-2008 14:39:05] PHP Warning:  Undefined index:  countryList in /netapp/gilbert/c/u/108/wfp59149/www/php/registration.php4 on line 33
[14-Dec-2008 14:39:05] PHP Warning:  Undefined index:  rfpUserTimeframe in /netapp/gilbert/c/u/108/wfp59149/www/php/registration.php4 on line 38
[14-Dec-2008 14:39:05] PHP Warning:  Undefined index:  rfpCompanyType in /netapp/gilbert/c/u/108/wfp59149/www/php/registration.php4 on line 39
[14-Dec-2008 14:39:05] PHP Warning:  Undefined index:  userFunction in /netapp/gilbert/c/u/108/wfp59149/www/php/registration.php4 on line 40
[14-Dec-2008 14:39:05] PHP Warning:  Undefined index:  rfpExposureList in /netapp/gilbert/c/u/108/wfp59149/www/php/registration.php4 on line 41
[14-Dec-2008 14:39:06] PHP Warning:  Undefined index:  email in /netapp/gilbert/c/u/108/wfp59149/www/php/registration.php4 on line 100
[23-Dec-2008 03:44:55] PHP Warning:  Undefined index:  rfpUserTimeframe in /netapp/gilbert/c/u/108/wfp59149/www/php/registration.php4 on line 38
[19-Jan-2009 07:55:45] PHP Warning:  Undefined index:  firstName in /netapp/gilbert/c/u/108/wfp59149/www/php/registration.php4 on line 24
[19-Jan-2009 07:55:45] PHP Warning:  Undefined index:  lastName in /netapp/gilbert/c/u/108/wfp59149/www/php/registration.php4 on line 25
[19-Jan-2009 07:55:45] PHP Warning:  Undefined index:  company in /netapp/gilbert/c/u/108/wfp59149/www/php/registration.php4 on line 26
[19-Jan-2009 07:55:45] PHP Warning:  Undefined index:  email in /netapp/gilbert/c/u/108/wfp59149/www/php/registration.php4 on line 27
[19-Jan-2009 07:55:45] PHP Warning:  Undefined index:  phone in /netapp/gilbert/c/u/108/wfp59149/www/php/registration.php4 on line 28
[19-Jan-2009 07:55:45] PHP Warning:  Undefined index:  address1 in /netapp/gilbert/c/u/108/wfp59149/www/php/registration.php4 on line 29
[19-Jan-2009 07:55:45] PHP Warning:  Undefined index:  address2 in /netapp/gilbert/c/u/108/wfp59149/www/php/registration.php4 on line 29
[19-Jan-2009 07:55:45] PHP Warning:  Undefined index:  city in /netapp/gilbert/c/u/108/wfp59149/www/php/registration.php4 on line 30
[19-Jan-2009 07:55:45] PHP Warning:  Undefined index:  stateProvince in /netapp/gilbert/c/u/108/wfp59149/www/php/registration.php4 on line 31
[19-Jan-2009 07:55:45] PHP Warning:  Undefined index:  postalCode in /netapp/gilbert/c/u/108/wfp59149/www/php/registration.php4 on line 32
[19-Jan-2009 07:55:45] PHP Warning:  Undefined index:  countryList in /netapp/gilbert/c/u/108/wfp59149/www/php/registration.php4 on line 33
[19-Jan-2009 07:55:45] PHP Warning:  Undefined index:  rfpUserTimeframe in /netapp/gilbert/c/u/108/wfp59149/www/php/registration.php4 on line 38
[19-Jan-2009 07:55:45] PHP Warning:  Undefined index:  rfpCompanyType in /netapp/gilbert/c/u/108/wfp59149/www/php/registration.php4 on line 39
[19-Jan-2009 07:55:45] PHP Warning:  Undefined index:  userFunction in /netapp/gilbert/c/u/108/wfp59149/www/php/registration.php4 on line 40
[19-Jan-2009 07:55:45] PHP Warning:  Undefined index:  rfpExposureList in /netapp/gilbert/c/u/108/wfp59149/www/php/registration.php4 on line 41
[19-Jan-2009 07:55:45] PHP Warning:  Undefined index:  email in /netapp/gilbert/c/u/108/wfp59149/www/php/registration.php4 on line 100
[11-Feb-2009 17:17:00] PHP Warning:  Undefined index:  rfpUserTimeframe in /netapp/gilbert/c/u/108/wfp59149/www/php/registration.php4 on line 38
[12-Feb-2009 03:46:20] PHP Warning:  Undefined index:  firstName in /netapp/gilbert/c/u/108/wfp59149/www/php/registration.php4 on line 24
[12-Feb-2009 03:46:20] PHP Warning:  Undefined index:  lastName in /netapp/gilbert/c/u/108/wfp59149/www/php/registration.php4 on line 25
[12-Feb-2009 03:46:20] PHP Warning:  Undefined index:  company in /netapp/gilbert/c/u/108/wfp59149/www/php/registration.php4 on line 26
[12-Feb-2009 03:46:20] PHP Warning:  Undefined index:  email in /netapp/gilbert/c/u/108/wfp59149/www/php/registration.php4 on line 27
[12-Feb-2009 03:46:20] PHP Warning:  Undefined index:  phone in /netapp/gilbert/c/u/108/wfp59149/www/php/registration.php4 on line 28
[12-Feb-2009 03:46:20] PHP Warning:  Undefined index:  address1 in /netapp/gilbert/c/u/108/wfp59149/www/php/registration.php4 on line 29
[12-Feb-2009 03:46:20] PHP Warning:  Undefined index:  address2 in /netapp/gilbert/c/u/108/wfp59149/www/php/registration.php4 on line 29
[12-Feb-2009 03:46:20] PHP Warning:  Undefined index:  city in /netapp/gilbert/c/u/108/wfp59149/www/php/registration.php4 on line 30
[12-Feb-2009 03:46:20] PHP Warning:  Undefined index:  stateProvince in /netapp/gilbert/c/u/108/wfp59149/www/php/registration.php4 on line 31
[12-Feb-2009 03:46:20] PHP Warning:  Undefined index:  postalCode in /netapp/gilbert/c/u/108/wfp59149/www/php/registration.php4 on line 32
[12-Feb-2009 03:46:20] PHP Warning:  Undefined index:  countryList in /netapp/gilbert/c/u/108/wfp59149/www/php/registration.php4 on line 33
[12-Feb-2009 03:46:20] PHP Warning:  Undefined index:  rfpUserTimeframe in /netapp/gilbert/c/u/108/wfp59149/www/php/registration.php4 on line 38
[12-Feb-2009 03:46:20] PHP Warning:  Undefined index:  rfpCompanyType in /netapp/gilbert/c/u/108/wfp59149/www/php/registration.php4 on line 39
[12-Feb-2009 03:46:20] PHP Warning:  Undefined index:  userFunction in /netapp/gilbert/c/u/108/wfp59149/www/php/registration.php4 on line 40
[12-Feb-2009 03:46:20] PHP Warning:  Undefined index:  rfpExposureList in /netapp/gilbert/c/u/108/wfp59149/www/php/registration.php4 on line 41
[12-Feb-2009 03:46:20] PHP Warning:  Undefined index:  email in /netapp/gilbert/c/u/108/wfp59149/www/php/registration.php4 on line 100
[10-Mar-2009 10:29:39] PHP Warning:  Undefined index:  firstName in /netapp/gilbert/c/u/108/wfp59149/www/php/registration.php4 on line 24
[10-Mar-2009 10:29:39] PHP Warning:  Undefined index:  lastName in /netapp/gilbert/c/u/108/wfp59149/www/php/registration.php4 on line 25
[10-Mar-2009 10:29:39] PHP Warning:  Undefined index:  company in /netapp/gilbert/c/u/108/wfp59149/www/php/registration.php4 on line 26
[10-Mar-2009 10:29:39] PHP Warning:  Undefined index:  email in /netapp/gilbert/c/u/108/wfp59149/www/php/registration.php4 on line 27
[10-Mar-2009 10:29:39] PHP Warning:  Undefined index:  phone in /netapp/gilbert/c/u/108/wfp59149/www/php/registration.php4 on line 28
[10-Mar-2009 10:29:39] PHP Warning:  Undefined index:  address1 in /netapp/gilbert/c/u/108/wfp59149/www/php/registration.php4 on line 29
[10-Mar-2009 10:29:39] PHP Warning:  Undefined index:  address2 in /netapp/gilbert/c/u/108/wfp59149/www/php/registration.php4 on line 29
[10-Mar-2009 10:29:39] PHP Warning:  Undefined index:  city in /netapp/gilbert/c/u/108/wfp59149/www/php/registration.php4 on line 30
[10-Mar-2009 10:29:39] PHP Warning:  Undefined index:  stateProvince in /netapp/gilbert/c/u/108/wfp59149/www/php/registration.php4 on line 31
[10-Mar-2009 10:29:39] PHP Warning:  Undefined index:  postalCode in /netapp/gilbert/c/u/108/wfp59149/www/php/registration.php4 on line 32
[10-Mar-2009 10:29:39] PHP Warning:  Undefined index:  countryList in /netapp/gilbert/c/u/108/wfp59149/www/php/registration.php4 on line 33
[10-Mar-2009 10:29:39] PHP Warning:  Undefined index:  rfpUserTimeframe in /netapp/gilbert/c/u/108/wfp59149/www/php/registration.php4 on line 38
[10-Mar-2009 10:29:39] PHP Warning:  Undefined index:  rfpCompanyType in /netapp/gilbert/c/u/108/wfp59149/www/php/registration.php4 on line 39
[10-Mar-2009 10:29:39] PHP Warning:  Undefined index:  userFunction in /netapp/gilbert/c/u/108/wfp59149/www/php/registration.php4 on line 40
[10-Mar-2009 10:29:39] PHP Warning:  Undefined index:  rfpExposureList in /netapp/gilbert/c/u/108/wfp59149/www/php/registration.php4 on line 41
[10-Mar-2009 10:29:40] PHP Warning:  Undefined index:  email in /netapp/gilbert/c/u/108/wfp59149/www/php/registration.php4 on line 100
[17-Mar-2009 03:02:03] PHP Warning:  Undefined index:  firstName in /netapp/gilbert/c/u/108/wfp59149/www/php/registration.php4 on line 24
[17-Mar-2009 03:02:03] PHP Warning:  Undefined index:  lastName in /netapp/gilbert/c/u/108/wfp59149/www/php/registration.php4 on line 25
[17-Mar-2009 03:02:03] PHP Warning:  Undefined index:  company in /netapp/gilbert/c/u/108/wfp59149/www/php/registration.php4 on line 26
[17-Mar-2009 03:02:03] PHP Warning:  Undefined index:  email in /netapp/gilbert/c/u/108/wfp59149/www/php/registration.php4 on line 27
[17-Mar-2009 03:02:03] PHP Warning:  Undefined index:  phone in /netapp/gilbert/c/u/108/wfp59149/www/php/registration.php4 on line 28
[17-Mar-2009 03:02:03] PHP Warning:  Undefined index:  address1 in /netapp/gilbert/c/u/108/wfp59149/www/php/registration.php4 on line 29
[17-Mar-2009 03:02:03] PHP Warning:  Undefined index:  address2 in /netapp/gilbert/c/u/108/wfp59149/www/php/registration.php4 on line 29
[17-Mar-2009 03:02:03] PHP Warning:  Undefined index:  city in /netapp/gilbert/c/u/108/wfp59149/www/php/registration.php4 on line 30
[17-Mar-2009 03:02:03] PHP Warning:  Undefined index:  stateProvince in /netapp/gilbert/c/u/108/wfp59149/www/php/registration.php4 on line 31
[17-Mar-2009 03:02:03] PHP Warning:  Undefined index:  postalCode in /netapp/gilbert/c/u/108/wfp59149/www/php/registration.php4 on line 32
[17-Mar-2009 03:02:03] PHP Warning:  Undefined index:  countryList in /netapp/gilbert/c/u/108/wfp59149/www/php/registration.php4 on line 33
[17-Mar-2009 03:02:03] PHP Warning:  Undefined index:  rfpUserTimeframe in /netapp/gilbert/c/u/108/wfp59149/www/php/registration.php4 on line 38
[17-Mar-2009 03:02:03] PHP Warning:  Undefined index:  rfpCompanyType in /netapp/gilbert/c/u/108/wfp59149/www/php/registration.php4 on line 39
[17-Mar-2009 03:02:03] PHP Warning:  Undefined index:  userFunction in /netapp/gilbert/c/u/108/wfp59149/www/php/registration.php4 on line 40
[17-Mar-2009 03:02:03] PHP Warning:  Undefined index:  rfpExposureList in /netapp/gilbert/c/u/108/wfp59149/www/php/registration.php4 on line 41
[17-Mar-2009 03:02:03] PHP Warning:  Undefined index:  email in /netapp/gilbert/c/u/108/wfp59149/www/php/registration.php4 on line 100
[17-Mar-2009 15:13:08] PHP Warning:  Undefined index:  rfpUserTimeframe in /netapp/gilbert/c/u/108/wfp59149/www/php/registration.php4 on line 38
[12-Apr-2009 06:01:13] PHP Warning:  Undefined index:  rfpUserTimeframe in /netapp/gilbert/c/u/108/wfp59149/www/php/registration.php4 on line 38
[19-May-2009 14:43:41] PHP Warning:  Undefined index:  rfpUserTimeframe in /netapp/gilbert/c/u/108/wfp59149/www/php/registration.php4 on line 38
[19-May-2009 15:45:24] PHP Warning:  Undefined index:  rfpUserTimeframe in /netapp/gilbert/c/u/108/wfp59149/www/php/registration.php4 on line 38
[05-Jun-2009 14:41:22] PHP Warning:  Undefined index:  rfpUserTimeframe in /netapp/gilbert/c/u/108/wfp59149/www/php/registration.php4 on line 38
[08-Jun-2009 09:48:46] PHP Warning:  Undefined index:  rfpUserTimeframe in /netapp/gilbert/c/u/108/wfp59149/www/php/registration.php4 on line 38
[11-Jun-2009 18:00:13] PHP Warning:  Undefined index:  rfpUserTimeframe in /netapp/gilbert/c/u/108/wfp59149/www/php/registration.php4 on line 38
[19-Jun-2009 03:29:09] PHP Warning:  Undefined index:  firstName in /netapp/gilbert/c/u/108/wfp59149/www/php/registration.php4 on line 24
[19-Jun-2009 03:29:09] PHP Warning:  Undefined index:  lastName in /netapp/gilbert/c/u/108/wfp59149/www/php/registration.php4 on line 25
[19-Jun-2009 03:29:09] PHP Warning:  Undefined index:  company in /netapp/gilbert/c/u/108/wfp59149/www/php/registration.php4 on line 26
[19-Jun-2009 03:29:09] PHP Warning:  Undefined index:  email in /netapp/gilbert/c/u/108/wfp59149/www/php/registration.php4 on line 27
[19-Jun-2009 03:29:09] PHP Warning:  Undefined index:  phone in /netapp/gilbert/c/u/108/wfp59149/www/php/registration.php4 on line 28
[19-Jun-2009 03:29:09] PHP Warning:  Undefined index:  address1 in /netapp/gilbert/c/u/108/wfp59149/www/php/registration.php4 on line 29
[19-Jun-2009 03:29:09] PHP Warning:  Undefined index:  address2 in /netapp/gilbert/c/u/108/wfp59149/www/php/registration.php4 on line 29
[19-Jun-2009 03:29:09] PHP Warning:  Undefined index:  city in /netapp/gilbert/c/u/108/wfp59149/www/php/registration.php4 on line 30
[19-Jun-2009 03:29:09] PHP Warning:  Undefined index:  stateProvince in /netapp/gilbert/c/u/108/wfp59149/www/php/registration.php4 on line 31
[19-Jun-2009 03:29:09] PHP Warning:  Undefined index:  postalCode in /netapp/gilbert/c/u/108/wfp59149/www/php/registration.php4 on line 32
[19-Jun-2009 03:29:09] PHP Warning:  Undefined index:  countryList in /netapp/gilbert/c/u/108/wfp59149/www/php/registration.php4 on line 33
[19-Jun-2009 03:29:09] PHP Warning:  Undefined index:  rfpUserTimeframe in /netapp/gilbert/c/u/108/wfp59149/www/php/registration.php4 on line 38
[19-Jun-2009 03:29:09] PHP Warning:  Undefined index:  rfpCompanyType in /netapp/gilbert/c/u/108/wfp59149/www/php/registration.php4 on line 39
[19-Jun-2009 03:29:09] PHP Warning:  Undefined index:  userFunction in /netapp/gilbert/c/u/108/wfp59149/www/php/registration.php4 on line 40
[19-Jun-2009 03:29:09] PHP Warning:  Undefined index:  rfpExposureList in /netapp/gilbert/c/u/108/wfp59149/www/php/registration.php4 on line 41
[19-Jun-2009 03:29:10] PHP Warning:  Undefined index:  email in /netapp/gilbert/c/u/108/wfp59149/www/php/registration.php4 on line 100
[24-Jun-2009 15:13:23] PHP Warning:  Undefined index:  rfpUserTimeframe in /netapp/gilbert/c/u/108/wfp59149/www/php/registration.php4 on line 38
[24-Jun-2009 15:34:31] PHP Warning:  Undefined index:  rfpUserTimeframe in /netapp/gilbert/c/u/108/wfp59149/www/php/registration.php4 on line 38
